<?xml version="1.0" encoding="UTF-8"?>
<!-- Generated by org.testng.reporters.JUnitReportReporter -->
<testsuite hostname="USHYDMMEDAVARA3" name="demo.Ex" tests="1" failures="0" timestamp="21 Mar 2018 08:11:37 GMT" time="7.151" errors="0">
  <testcase name="check" time="7.151" classname="demo.Ex"/>
</testsuite> <!-- demo.Ex -->
